2025-03-13 18:16:14,952 - INFO - AaEdu - <module> - Line 15 - Любая информация
2025-03-13 18:16:35,676 - INFO - AaEdu - get_homeworks - Line 24 - Запрос списка домашних заданий для пользователя 6
2025-03-13 18:16:36,507 - INFO - AaEdu - get_homeworks - Line 24 - Запрос списка домашних заданий для пользователя 6
2025-03-13 19:30:16,553 - INFO - AaEdu - <module> - Line 15 - Любая информация
2025-03-13 19:33:05,105 - INFO - AaEdu - get_homeworks - Line 24 - Запрос списка домашних заданий для пользователя 6
2025-03-13 19:33:12,582 - INFO - AaEdu - get_homeworks - Line 24 - Запрос списка домашних заданий для пользователя 6
2025-03-13 19:40:29,789 - INFO - AaEdu - <module> - Line 15 - Любая информация
2025-03-13 19:42:47,291 - INFO - AaEdu - add_homework - Line 36 - Пользователь 5 добавляет домашнее задание для студента 6 на урок 2 с оценкой 90.0 для курса 2 с содержимым: srring
2025-03-13 19:43:44,622 - INFO - AaEdu - add_homework - Line 36 - Пользователь 5 добавляет домашнее задание для студента 6 на урок 2 с оценкой 90.0 для курса 2 с содержимым: srring
2025-03-13 19:44:15,788 - INFO - AaEdu - add_homework - Line 36 - Пользователь 5 добавляет домашнее задание для студента 6 на урок 2 с оценкой 90.0 для курса 2 с содержимым: srring
2025-03-13 19:45:35,029 - INFO - AaEdu - <module> - Line 15 - Любая информация
2025-03-13 19:45:42,173 - INFO - AaEdu - add_homework - Line 36 - Пользователь 5 добавляет домашнее задание для студента 6 на урок 2 с оценкой 90.0 для курса 2 с содержимым: srring
2025-03-13 19:46:03,929 - INFO - AaEdu - add_homework - Line 36 - Пользователь 5 добавляет домашнее задание для студента 6 на урок 2 с оценкой 90.0 для курса 2 с содержимым: srring
2025-03-13 19:47:17,295 - INFO - AaEdu - <module> - Line 15 - Любая информация
2025-03-13 19:47:20,729 - INFO - AaEdu - add_homework - Line 36 - Пользователь 5 добавляет домашнее задание для студента 6 на урок 2 с оценкой 90.0 для курса 2 с содержимым: srring
2025-03-13 19:48:26,473 - INFO - AaEdu - <module> - Line 15 - Любая информация
2025-03-13 19:48:28,545 - INFO - AaEdu - add_homework - Line 36 - Пользователь 5 добавляет домашнее задание для студента 6 на урок 2 с оценкой 90.0 для курса 2 с содержимым: srring
2025-03-13 19:48:28,568 - INFO - AaEdu - add_homework - Line 43 - Домашнее задание 4 успешно добавлено пользователем 5
2025-03-13 19:51:33,156 - INFO - AaEdu - <module> - Line 15 - Любая информация
2025-03-13 19:51:38,114 - INFO - AaEdu - add_homework - Line 36 - Пользователь 5 добавляет домашнее задание для студента 6 на урок 2 с оценкой 90.0 для курса 2 с содержимым: srring
2025-03-13 19:51:38,147 - INFO - AaEdu - add_homework - Line 43 - Домашнее задание успешно добавлено пользователем 5
2025-03-13 19:56:58,981 - INFO - AaEdu - add_homework - Line 36 - Пользователь 5 добавляет домашнее задание для студента 6 на урок 2 с оценкой 90.0 для курса 2 с содержимым: srring
2025-03-13 19:56:59,001 - INFO - AaEdu - add_homework - Line 43 - Домашнее задание успешно добавлено пользователем 5
2025-03-13 19:57:42,520 - INFO - AaEdu - edit_homework - Line 54 - Пользователь 5 редактирует домашнее задание 1 с новой оценкой 90.0
2025-03-13 19:57:42,551 - INFO - AaEdu - edit_homework - Line 61 - Домашнее задание 1 успешно обновлено пользователем 5
2025-03-13 19:58:28,448 - INFO - AaEdu - edit_homework - Line 54 - Пользователь 5 редактирует домашнее задание 1 с новой оценкой 90.0
2025-03-13 19:58:28,458 - INFO - AaEdu - edit_homework - Line 61 - Домашнее задание 1 успешно обновлено пользователем 5
2025-03-13 20:04:32,399 - INFO - AaEdu - <module> - Line 15 - Любая информация
2025-03-13 20:04:36,811 - INFO - AaEdu - edit_homework - Line 54 - Пользователь 5 редактирует домашнее задание 1 с новой оценкой 90.0
2025-03-13 20:04:36,847 - INFO - AaEdu - edit_homework - Line 61 - Домашнее задание 1 успешно обновлено пользователем 5
2025-03-13 20:08:55,035 - INFO - AaEdu - remove_homework - Line 72 - Пользователь 5 пытается удалить домашнее задание 1
2025-03-13 20:08:55,058 - INFO - AaEdu - remove_homework - Line 77 - Домашнее задание 1 успешно удалено пользователем 5
2025-03-13 20:11:34,038 - INFO - AaEdu - soft_delete_homework - Line 88 - Пользователь 5 пытается выполнить soft delete домашнего задания 1
2025-03-13 20:11:42,997 - INFO - AaEdu - soft_delete_homework - Line 88 - Пользователь 5 пытается выполнить soft delete домашнего задания 2
2025-03-13 20:11:43,016 - INFO - AaEdu - soft_delete_homework - Line 93 - Домашнее задание 2 успешно помечено как удалённое (soft deleted) пользователем 5
2025-03-13 20:12:06,061 - INFO - AaEdu - edit_homework - Line 54 - Пользователь 5 редактирует домашнее задание 2 с новой оценкой 90.0
2025-03-13 20:12:06,084 - INFO - AaEdu - edit_homework - Line 61 - Домашнее задание 2 успешно обновлено пользователем 5
2025-03-13 20:14:04,291 - INFO - AaEdu - soft_delete_homework - Line 88 - Пользователь 5 пытается выполнить soft delete домашнего задания 4
2025-03-13 20:14:04,312 - INFO - AaEdu - soft_delete_homework - Line 93 - Домашнее задание 4 успешно помечено как удалённое (soft deleted) пользователем 5
2025-03-13 20:14:56,016 - INFO - AaEdu - soft_delete_homework - Line 88 - Пользователь 5 пытается выполнить soft delete домашнего задания 3
2025-03-13 20:14:56,036 - INFO - AaEdu - soft_delete_homework - Line 93 - Домашнее задание 3 успешно помечено как удалённое (soft deleted) пользователем 5
2025-03-13 20:15:35,066 - INFO - AaEdu - soft_delete_homework - Line 88 - Пользователь 5 пытается выполнить soft delete домашнего задания 6
2025-03-13 20:15:35,085 - INFO - AaEdu - soft_delete_homework - Line 93 - Домашнее задание 6 успешно помечено как удалённое (soft deleted) пользователем 5
2025-03-13 20:17:16,719 - INFO - AaEdu - soft_delete_homework - Line 88 - Пользователь 5 пытается выполнить soft delete домашнего задания 6
2025-03-13 20:17:16,730 - INFO - AaEdu - soft_delete_homework - Line 93 - Домашнее задание 6 успешно помечено как удалённое (soft deleted) пользователем 5
2025-03-13 20:17:51,654 - INFO - AaEdu - soft_delete_homework - Line 88 - Пользователь 5 пытается выполнить soft delete домашнего задания 5
2025-03-13 20:17:51,665 - INFO - AaEdu - soft_delete_homework - Line 93 - Домашнее задание 5 успешно помечено как удалённое (soft deleted) пользователем 5
2025-03-13 20:23:39,573 - INFO - AaEdu - get_homeworks - Line 24 - Запрос списка домашних заданий для пользователя 5
2025-03-13 20:26:05,437 - INFO - AaEdu - add_homework - Line 36 - Пользователь 5 добавляет домашнее задание для студента 6 на урок 2 с оценкой 90.0 для курса 2 с содержимым: How to jump
2025-03-13 20:26:05,461 - INFO - AaEdu - add_homework - Line 43 - Домашнее задание успешно добавлено пользователем 5
2025-03-13 20:26:18,988 - INFO - AaEdu - get_homeworks - Line 24 - Запрос списка домашних заданий для пользователя 5
2025-03-13 20:27:16,513 - INFO - AaEdu - get_homeworks - Line 24 - Запрос списка домашних заданий для пользователя 5
2025-03-13 20:28:09,570 - INFO - AaEdu - get_homeworks - Line 24 - Запрос списка домашних заданий для пользователя 5
2025-03-13 20:29:13,854 - INFO - AaEdu - get_homeworks - Line 24 - Запрос списка домашних заданий для пользователя 5
2025-03-13 20:29:23,895 - INFO - AaEdu - <module> - Line 15 - Любая информация
2025-03-13 20:29:26,359 - INFO - AaEdu - get_homeworks - Line 24 - Запрос списка домашних заданий для пользователя 5
2025-03-13 20:34:09,365 - INFO - AaEdu - get_homeworks - Line 24 - Запрос списка домашних заданий для пользователя 5
2025-03-13 20:39:49,809 - INFO - AaEdu - <module> - Line 15 - Любая информация
2025-03-13 20:40:07,868 - INFO - AaEdu - get_homework - Line 29 - Запрос домашнего задания 6 для пользователя 5
2025-03-13 20:41:12,034 - INFO - AaEdu - get_homework - Line 29 - Запрос домашнего задания 6 для пользователя 6
2025-03-13 20:41:28,412 - INFO - AaEdu - get_homework - Line 29 - Запрос домашнего задания 5 для пользователя 6
2025-03-13 20:41:33,805 - INFO - AaEdu - get_homework - Line 29 - Запрос домашнего задания 2 для пользователя 6
2025-03-13 20:41:42,510 - INFO - AaEdu - get_homework - Line 29 - Запрос домашнего задания 1 для пользователя 6
2025-03-13 20:41:54,150 - INFO - AaEdu - get_homework - Line 29 - Запрос домашнего задания 2 для пользователя 6
2025-03-13 20:44:18,220 - INFO - AaEdu - get_homework - Line 29 - Запрос домашнего задания 5 для пользователя 6
2025-03-13 20:44:22,475 - INFO - AaEdu - get_homework - Line 29 - Запрос домашнего задания 5 для пользователя 6
2025-03-13 20:48:18,416 - INFO - AaEdu - add_homework - Line 45 - Пользователь 5 добавляет домашнее задание для студента 6 на урок 2 с оценкой 90.0 для курса 2 с содержимым: Do some exersices
2025-03-13 20:48:18,452 - INFO - AaEdu - add_homework - Line 52 - Домашнее задание успешно добавлено пользователем 5
2025-03-13 20:49:03,672 - INFO - AaEdu - edit_homework - Line 63 - Пользователь 5 редактирует домашнее задание 8 с новой оценкой 90.0
2025-03-13 20:49:03,689 - INFO - AaEdu - edit_homework - Line 70 - Домашнее задание 8 успешно обновлено пользователем 5
2025-03-13 20:50:57,171 - INFO - AaEdu - add_homework - Line 45 - Пользователь 5 добавляет домашнее задание для студента 6 на урок 2 с оценкой 90.0 для курса 2 с содержимым: Do some exersices
2025-03-13 20:50:57,189 - INFO - AaEdu - add_homework - Line 52 - Домашнее задание успешно добавлено пользователем 5
2025-03-13 20:52:15,391 - INFO - AaEdu - remove_homework - Line 81 - Пользователь 5 пытается удалить домашнее задание 8
2025-03-13 20:52:15,412 - INFO - AaEdu - remove_homework - Line 86 - Домашнее задание 8 успешно удалено пользователем 5
2025-03-13 20:52:56,230 - INFO - AaEdu - soft_delete_homework - Line 97 - Пользователь 5 пытается выполнить soft delete домашнего задания 9
2025-03-13 20:52:56,254 - INFO - AaEdu - soft_delete_homework - Line 102 - Домашнее задание 9 успешно помечено как удалённое (soft deleted) пользователем 5
